<?xml version="1.0" encoding="utf-8"?><testsuites name="pytest tests"><testsuite name="pytest" errors="0" failures="0" skipped="0" tests="14" time="5.394" timestamp="2026-03-30T11:44:18.893975+00:00" hostname="agent-env-ddaeda7c-68d9-4b35-ae42-3dc7d1c099c4"><testcase classname="backend.tests.test_new_features.TestHealthAndAuth" name="test_health_check" time="0.227" /><testcase classname="backend.tests.test_new_features.TestHealthAndAuth" name="test_student_login_success" time="0.323" /><testcase classname="backend.tests.test_new_features.TestHealthAndAuth" name="test_login_auto_capitalize" time="0.336" /><testcase classname="backend.tests.test_new_features.TestHealthAndAuth" name="test_invalid_login" time="0.104" /><testcase classname="backend.tests.test_new_features.TestCodeExecution" name="test_python_code_execution" time="0.489" /><testcase classname="backend.tests.test_new_features.TestCodeExecution" name="test_python_factorial" time="0.455" /><testcase classname="backend.tests.test_new_features.TestCodeExecution" name="test_javascript_code_execution" time="0.473" /><testcase classname="backend.tests.test_new_features.TestCodeExecution" name="test_javascript_fibonacci" time="0.490" /><testcase classname="backend.tests.test_new_features.TestCodeExecution" name="test_unsupported_language" time="0.447" /><testcase classname="backend.tests.test_new_features.TestCodeExecution" name="test_code_execution_requires_auth" time="0.112" /><testcase classname="backend.tests.test_new_features.TestQuizzes" name="test_list_quizzes" time="0.455" /><testcase classname="backend.tests.test_new_features.TestQuizzes" name="test_get_coding_quiz_details" time="0.545" /><testcase classname="backend.tests.test_new_features.TestAnalytics" name="test_student_analytics" time="0.403" /><testcase classname="backend.tests.test_new_features.TestAnalytics" name="test_student_dashboard" time="0.374" /></testsuite></testsuites>